#
# There is insufficient memory for the Java Runtime Environment to continue.
# Native memory allocation (mmap) failed to map 134217728 bytes for G1 virtual space
# Possible reasons:
#   The system is out of physical RAM or swap space
#   The process is running with CompressedOops enabled, and the Java Heap may be blocking the growth of the native heap
# Possible solutions:
#   Reduce memory load on the system
#   Increase physical memory or swap space
#   Check if swap backing store is full
#   Decrease Java heap size (-Xmx/-Xms)
#   Decrease number of Java threads
#   Decrease Java thread stack sizes (-Xss)
#   Set larger code cache with -XX:ReservedCodeCacheSize=
#   JVM is running with Unscaled Compressed Oops mode in which the Java heap is
#     placed in the first 4GB address space. The Java Heap base address is the
#     maximum limit for the native heap growth. Please use -XX:HeapBaseMinAddress
#     to set the Java Heap base and to place the Java Heap above 4GB virtual address.
# This output file may be truncated or incomplete.
#
#  Out of Memory Error (os_windows.cpp:3548), pid=20600, tid=13292
#
# JRE version:  (17.0.12+8) (build )
# Java VM: Java HotSpot(TM) 64-Bit Server VM (17.0.12+8-LTS-286, mixed mode, sharing, tiered, compressed oops, compressed class ptrs, g1 gc, windows-amd64)
# No core dump will be written. Minidumps are not enabled by default on client versions of Windows
#

---------------  S U M M A R Y ------------

Command Line: 

Host: Intel(R) Core(TM) i5-8350U CPU @ 1.70GHz, 8 cores, 7G,  Windows 11 , 64 bit Build 26100 (10.0.26100.7309)
Time: Mon Dec 22 06:27:16 2025 E. Africa Standard Time elapsed time: 0.018497 seconds (0d 0h 0m 0s)

---------------  T H R E A D  ---------------

Current thread (0x000001e0423708d0):  JavaThread "Unknown thread" [_thread_in_vm, id=13292, stack(0x0000009632100000,0x0000009632200000)]

Stack: [0x0000009632100000,0x0000009632200000]
Native frames: (J=compiled Java code, j=interpreted, Vv=VM code, C=native code)
V  [jvm.dll+0x67a04a]
V  [jvm.dll+0x7da4ed]
V  [jvm.dll+0x7dbe33]
V  [jvm.dll+0x7dc4a3]
V  [jvm.dll+0x24508f]
V  [jvm.dll+0x677089]
V  [jvm.dll+0x66bd32]
V  [jvm.dll+0x301fa6]
V  [jvm.dll+0x309546]
V  [jvm.dll+0x359d2e]
V  [jvm.dll+0x359f5f]
V  [jvm.dll+0x2d9078]
V  [jvm.dll+0x2d9fe4]
V  [jvm.dll+0x7aca21]
V  [jvm.dll+0x367591]
V  [jvm.dll+0x78b999]
V  [jvm.dll+0x3ec83f]
V  [jvm.dll+0x3ee471]
C  [jli.dll+0x5297]
C  [ucrtbase.dll+0x37b0]
C  [KERNEL32.DLL+0x2e8d7]
C  [ntdll.dll+0x8c53c]


---------------  P R O C E S S  ---------------

Threads class SMR info:
_java_thread_list=0x00007ff98d417a18, length=0, elements={
}

Java Threads: ( => current thread )

Other Threads:
  0x000001e0423cc430 GCTaskThread "GC Thread#0" [stack: 0x0000009632200000,0x0000009632300000] [id=6628]
  0x000001e0423ddc90 ConcurrentGCThread "G1 Main Marker" [stack: 0x0000009632300000,0x0000009632400000] [id=17360]
  0x000001e0423dee40 ConcurrentGCThread "G1 Conc#0" [stack: 0x0000009632400000,0x0000009632500000] [id=22100]

[error occurred during error reporting (printing all threads), id 0xc0000005, EXCEPTION_ACCESS_VIOLATION (0xc0000005) at pc=0x00007ff98cc49b67]

VM state: not at safepoint (not fully initialized)

VM Mutex/Monitor currently owned by a thread:  ([mutex/lock_event])
[0x000001e04236d4e0] Heap_lock - owner thread: 0x000001e0423708d0

Heap address: 0x0000000081e00000, size: 2018 MB, Compressed Oops mode: 32-bit

CDS archive(s) mapped at: [0x0000000000000000-0x0000000000000000-0x0000000000000000), size 0, SharedBaseAddress: 0x0000000800000000, ArchiveRelocationMode: 1.
Narrow klass base: 0x0000000000000000, Narrow klass shift: 0, Narrow klass range: 0x0

GC Precious Log:
<Empty>

Heap:
 garbage-first heap   total 0K, used 0K [0x0000000081e00000, 0x0000000100000000)
  region size 1024K, 0 young (0K), 0 survivors (0K)

[error occurred during error reporting (printing heap information), id 0xc0000005, EXCEPTION_ACCESS_VIOLATION (0xc0000005) at pc=0x00007ff98d033859]

GC Heap History (0 events):
No events

Deoptimization events (0 events):
No events

Classes unloaded (0 events):
No events

Classes redefined (0 events):
No events

Internal exceptions (0 events):
No events

VM Operations (0 events):
No events

Events (1 events):
Event: 0.013 Loaded shared library C:\Program Files\Java\jdk-17\bin\java.dll


Dynamic libraries:
0x00007ff76e940000 - 0x00007ff76e950000 	C:\Program Files\Java\jdk-17\bin\java.exe
0x00007ffa52f40000 - 0x00007ffa531a7000 	C:\WINDOWS\SYSTEM32\ntdll.dll
0x00007ffa51080000 - 0x00007ffa51149000 	C:\WINDOWS\System32\KERNEL32.DLL
0x00007ffa50140000 - 0x00007ffa5052f000 	C:\WINDOWS\System32\KERNELBASE.dll
0x00007ffa50b90000 - 0x00007ffa50cdb000 	C:\WINDOWS\System32\ucrtbase.dll
0x00007ffa2e350000 - 0x00007ffa2e369000 	C:\Program Files\Java\jdk-17\bin\jli.dll
0x00007ffa2e330000 - 0x00007ffa2e34b000 	C:\Program Files\Java\jdk-17\bin\VCRUNTIME140.dll
0x00007ffa52510000 - 0x00007ffa525c4000 	C:\WINDOWS\System32\ADVAPI32.dll
0x00007ffa516e0000 - 0x00007ffa51789000 	C:\WINDOWS\System32\msvcrt.dll
0x00007ffa52e50000 - 0x00007ffa52ef6000 	C:\WINDOWS\System32\sechost.dll
0x00007ffa51ea0000 - 0x00007ffa51fb8000 	C:\WINDOWS\System32\RPCRT4.dll
0x00007ffa52340000 - 0x00007ffa52505000 	C:\WINDOWS\System32\USER32.dll
0x00007ffa3b450000 - 0x00007ffa3b6e3000 	C:\WINDOWS\WinSxS\amd64_microsoft.windows.common-controls_6595b64144ccf1df_6.0.26100.7309_none_3e05feeae336a044\COMCTL32.dll
0x00007ffa50780000 - 0x00007ffa507a7000 	C:\WINDOWS\System32\win32u.dll
0x00007ffa525d0000 - 0x00007ffa525fb000 	C:\WINDOWS\System32\GDI32.dll
0x00007ffa508f0000 - 0x00007ffa50a1c000 	C:\WINDOWS\System32\gdi32full.dll
0x00007ffa3f460000 - 0x00007ffa3f46b000 	C:\WINDOWS\SYSTEM32\VERSION.dll
0x00007ffa50090000 - 0x00007ffa50133000 	C:\WINDOWS\System32\msvcp_win.dll
0x00007ffa520d0000 - 0x00007ffa52101000 	C:\WINDOWS\System32\IMM32.DLL
0x00007ffa49610000 - 0x00007ffa4961c000 	C:\Program Files\Java\jdk-17\bin\vcruntime140_1.dll
0x00007ff9f4400000 - 0x00007ff9f448e000 	C:\Program Files\Java\jdk-17\bin\msvcp140.dll
0x00007ff98c960000 - 0x00007ff98d540000 	C:\Program Files\Java\jdk-17\bin\server\jvm.dll
0x00007ffa52110000 - 0x00007ffa52118000 	C:\WINDOWS\System32\PSAPI.DLL
0x00007ffa3d7c0000 - 0x00007ffa3d7f5000 	C:\WINDOWS\SYSTEM32\WINMM.dll
0x00007ffa3a190000 - 0x00007ffa3a19a000 	C:\WINDOWS\SYSTEM32\WSOCK32.dll
0x00007ffa52050000 - 0x00007ffa520c4000 	C:\WINDOWS\System32\WS2_32.dll
0x00007ffa4ee00000 - 0x00007ffa4ee1b000 	C:\WINDOWS\SYSTEM32\kernel.appcore.dll
0x00007ffa49560000 - 0x00007ffa4956a000 	C:\Program Files\Java\jdk-17\bin\jimage.dll
0x00007ffa4d9f0000 - 0x00007ffa4dc32000 	C:\WINDOWS\SYSTEM32\DBGHELP.DLL
0x00007ffa50cf0000 - 0x00007ffa51075000 	C:\WINDOWS\System32\combase.dll
0x00007ffa51db0000 - 0x00007ffa51e86000 	C:\WINDOWS\System32\OLEAUT32.dll
0x00007ffa3d350000 - 0x00007ffa3d38c000 	C:\WINDOWS\SYSTEM32\dbgcore.DLL
0x00007ffa507b0000 - 0x00007ffa50855000 	C:\WINDOWS\System32\bcryptPrimitives.dll
0x00007ff9f7f10000 - 0x00007ff9f7f35000 	C:\Program Files\Java\jdk-17\bin\java.dll

dbghelp: loaded successfully - version: 4.0.5 - missing functions: none
symbol engine: initialized successfully - sym options: 0x614 - pdb path: .;C:\Program Files\Java\jdk-17\bin;C:\WINDOWS\SYSTEM32;C:\WINDOWS\WinSxS\amd64_microsoft.windows.common-controls_6595b64144ccf1df_6.0.26100.7309_none_3e05feeae336a044;C:\Program Files\Java\jdk-17\bin\server

VM Arguments:
java_command: <unknown>
java_class_path (initial): <not set>
Launcher Type: SUN_STANDARD

[Global flags]
     intx CICompilerCount                          = 4                                         {product} {ergonomic}
     uint ConcGCThreads                            = 2                                         {product} {ergonomic}
     uint G1ConcRefinementThreads                  = 8                                         {product} {ergonomic}
   size_t G1HeapRegionSize                         = 1048576                                   {product} {ergonomic}
    uintx GCDrainStackTargetSize                   = 64                                        {product} {ergonomic}
   size_t InitialHeapSize                          = 134217728                                 {product} {ergonomic}
   size_t MarkStackSize                            = 4194304                                   {product} {ergonomic}
   size_t MaxHeapSize                              = 2116026368                                {product} {ergonomic}
   size_t MinHeapDeltaBytes                        = 1048576                                   {product} {ergonomic}
   size_t MinHeapSize                              = 8388608                                   {product} {ergonomic}
    uintx NonNMethodCodeHeapSize                   = 5839372                                {pd product} {ergonomic}
    uintx NonProfiledCodeHeapSize                  = 122909434                              {pd product} {ergonomic}
    uintx ProfiledCodeHeapSize                     = 122909434                              {pd product} {ergonomic}
    uintx ReservedCodeCacheSize                    = 251658240                              {pd product} {ergonomic}
     bool SegmentedCodeCache                       = true                                      {product} {ergonomic}
   size_t SoftMaxHeapSize                          = 2116026368                             {manageable} {ergonomic}
     bool UseCompressedClassPointers               = true                           {product lp64_product} {ergonomic}
     bool UseCompressedOops                        = true                           {product lp64_product} {ergonomic}
     bool UseG1GC                                  = true                                      {product} {ergonomic}
     bool UseLargePagesIndividualAllocation        = false                                  {pd product} {ergonomic}

Logging:
Log output configuration:
 #0: stdout all=warning uptime,level,tags
 #1: stderr all=off uptime,level,tags

Environment Variables:
PATH=D:\MiFedha1a14\node_modules\.bin;D:\MiFedha1a14\node_modules\.bin;D:\node_modules\.bin;C:\Program Files\nodejs\node_modules\npm\node_modules\@npmcli\run-script\lib\node-gyp-bin;C:\Program Files\Common Files\Oracle\Java\javapath;C:\Python313\Scripts\;C:\Python313\;C:\WINDOWS\system32;C:\WINDOWS;C:\WINDOWS\System32\Wbem;C:\WINDOWS\System32\WindowsPowerShell\v1.0\;C:\WINDOWS\System32\OpenSSH\;C:\Program Files\nodejs\;C:\ProgramData\chocolatey\bin;C:\Program Files\Intel\WiFi\bin\;C:\Program Files\Common Files\Intel\WirelessCommon\;C:\Program Files\Git\cmd;adb devices;C:\Users\USER\AppData\Local\Android\Sdk\platform-tools;C:\Users\USER\AppData\Local\Android\Sdk\emulator;C:\Users\USER\AppData\Local\Android\Sdk\tools;C:\Users\USER\AppData\Local\Android\Sdk\tools\bin;C:\Program Files\Amazon\AWSCLIV2\;C:\Users\USER\AppData\Local\Microsoft\WindowsApps;C:\Users\USER\AppData\Roaming\npm;C:\Users\USER\AppData\Local\Programs\Microsoft VS Code\bin;C:\Users\USER\AppData\Local\Android\Sdk\platform-tools;
USERNAME=USER
OS=Windows_NT
PROCESSOR_IDENTIFIER=Intel64 Family 6 Model 142 Stepping 10, GenuineIntel



---------------  S Y S T E M  ---------------

OS:
 Windows 11 , 64 bit Build 26100 (10.0.26100.7309)
OS uptime: 9 days 12:03 hours
Hyper-V role detected

CPU: total 8 (initial active 8) (4 cores per cpu, 2 threads per core) family 6 model 142 stepping 10 microcode 0xf6, cx8, cmov, fxsr, ht, mmx, 3dnowpref, sse, sse2, sse3, ssse3, sse4.1, sse4.2, popcnt, lzcnt, tsc, tscinvbit, avx, avx2, aes, erms, clmul, bmi1, bmi2, rtm, adx, fma, vzeroupper, clflush, clflushopt, hv

Memory: 4k page, system-wide physical 8066M (590M free)
TotalPageFile size 16915M (AvailPageFile size 117M)
current process WorkingSet (physical memory assigned to process): 12M, peak: 12M
current process commit charge ("private bytes"): 60M, peak: 188M

vm_info: Java HotSpot(TM) 64-Bit Server VM (17.0.12+8-LTS-286) for windows-amd64 JRE (17.0.12+8-LTS-286), built on Jun  5 2024 06:46:59 by "mach5one" with MS VC++ 17.6 (VS2022)

END.
